<?xml version="1.0" encoding="UTF-8"?>
<!-- Generated by org.testng.reporters.JUnitReportReporter -->
<testsuite hostname="RFL-171" failures="0" tests="1" name="com.services.testcases.sampleapi.AddBookTest" time="0.000" errors="0" timestamp="2022-05-12T15:27:24 IST" skipped="1">
  <testcase classname="com.services.testcases.sampleapi.AddBookTest" name="addBookTests" time="0.000">
    <skipped/>
  </testcase> <!-- addBookTests -->
</testsuite> <!-- com.services.testcases.sampleapi.AddBookTest -->
